<?xml version="1.0" encoding="UTF-8"?>
<testng-results skipped="0" failed="0" total="1" passed="1">
  <reporter-output>
  </reporter-output>
  <suite name="Default suite" duration-ms="25775" started-at="2017-04-04T13:47:59Z" finished-at="2017-04-04T13:48:25Z">
    <groups>
    </groups>
    <test name="Default test" duration-ms="25775" started-at="2017-04-04T13:47:59Z" finished-at="2017-04-04T13:48:25Z">
      <class name="com.tests.project.security.DDoS_SecurityTests">
        <test-method status="PASS" signature="testSubmitConfiguration()[pri:0, instance:com.tests.project.security.DDoS_SecurityTests@1209079]" name="testSubmitConfiguration" duration-ms="25775" started-at="2017-04-04T19:17:59Z" finished-at="2017-04-04T19:18:25Z">
          <reporter-output>
          </reporter-output>
        </test-method> <!-- testSubmitConfiguration -->
        <test-method status="PASS" signature="killBrowser()[pri:0, instance:com.tests.project.security.DDoS_SecurityTests@1209079]" name="killBrowser" is-config="true" duration-ms="1115" started-at="2017-04-04T19:18:25Z" finished-at="2017-04-04T19:18:26Z">
          <reporter-output>
          </reporter-output>
        </test-method> <!-- killBrowser -->
      </class> <!-- com.tests.project.security.DDoS_SecurityTests -->
    </test> <!-- Default test -->
  </suite> <!-- Default suite -->
</testng-results>
